#
# There is insufficient memory for the Java Runtime Environment to continue.
# Native memory allocation (mmap) failed to map 264241152 bytes for G1 virtual space
# Possible reasons:
#   The system is out of physical RAM or swap space
#   The process is running with CompressedOops enabled, and the Java Heap may be blocking the growth of the native heap
# Possible solutions:
#   Reduce memory load on the system
#   Increase physical memory or swap space
#   Check if swap backing store is full
#   Decrease Java heap size (-Xmx/-Xms)
#   Decrease number of Java threads
#   Decrease Java thread stack sizes (-Xss)
#   Set larger code cache with -XX:ReservedCodeCacheSize=
#   JVM is running with Zero Based Compressed Oops mode in which the Java heap is
#     placed in the first 32GB address space. The Java Heap base address is the
#     maximum limit for the native heap growth. Please use -XX:HeapBaseMinAddress
#     to set the Java Heap base and to place the Java Heap above 32GB virtual address.
# This output file may be truncated or incomplete.
#
#  Out of Memory Error (os_windows.cpp:3600), pid=4580, tid=13652
#
# JRE version:  (21.0.2+13) (build )
# Java VM: Java HotSpot(TM) 64-Bit Server VM (21.0.2+13-LTS-58, mixed mode, sharing, tiered, compressed oops, compressed class ptrs, g1 gc, windows-amd64)
# No core dump will be written. Minidumps are not enabled by default on client versions of Windows
#

---------------  S U M M A R Y ------------

Command Line: -Dfile.encoding=UTF-8 --module-path=D:\.SEMANGAT KULIAH\.SEMESTER 4\Prak. PBO\123220120_Kuis\build\classes pkg123220120_kuis.Main

Host: 12th Gen Intel(R) Core(TM) i5-12500H, 16 cores, 15G,  Windows 11 , 64 bit Build 22621 (10.0.22621.3235)
Time: Sat Mar 23 10:10:13 2024 SE Asia Standard Time elapsed time: 0.014136 seconds (0d 0h 0m 0s)

---------------  T H R E A D  ---------------

Current thread (0x0000019e48025fb0):  JavaThread "Unknown thread" [_thread_in_vm, id=13652, stack(0x0000001f0d200000,0x0000001f0d300000) (1024K)]

Stack: [0x0000001f0d200000,0x0000001f0d300000]
Native frames: (J=compiled Java code, j=interpreted, Vv=VM code, C=native code)
V  [jvm.dll+0x6cade9]
V  [jvm.dll+0x8569c1]
V  [jvm.dll+0x858d2e]
V  [jvm.dll+0x859413]
V  [jvm.dll+0x280e56]
V  [jvm.dll+0x6c74d5]
V  [jvm.dll+0x6bbeca]
V  [jvm.dll+0x355bca]
V  [jvm.dll+0x35d816]
V  [jvm.dll+0x3ae67e]
V  [jvm.dll+0x3ae928]
V  [jvm.dll+0x3295dc]
V  [jvm.dll+0x32a16b]
V  [jvm.dll+0x81efa9]
V  [jvm.dll+0x3bba01]
V  [jvm.dll+0x807928]
V  [jvm.dll+0x44f50e]
V  [jvm.dll+0x450e11]
C  [jli.dll+0x52a3]
C  [ucrtbase.dll+0x29363]
C  [KERNEL32.DLL+0x1257d]
C  [ntdll.dll+0x5aa58]


---------------  P R O C E S S  ---------------

Threads class SMR info:
_java_thread_list=0x00007fffe9bebb88, length=0, elements={
}

Java Threads: ( => current thread )
Total: 0

Other Threads:
  0x0000019e4a2ab140 WorkerThread "GC Thread#0"                     [id=11956, stack(0x0000001f0d300000,0x0000001f0d400000) (1024K)]
  0x0000019e4a2bbbf0 ConcurrentGCThread "G1 Main Marker"            [id=20344, stack(0x0000001f0d400000,0x0000001f0d500000) (1024K)]
  0x0000019e4a2bc6f0 WorkerThread "G1 Conc#0"                       [id=21012, stack(0x0000001f0d500000,0x0000001f0d600000) (1024K)]

[error occurred during error reporting (printing all threads), id 0xc0000005, EXCEPTION_ACCESS_VIOLATION (0xc0000005) at pc=0x00007fffe935c6a7]
VM state: not at safepoint (not fully initialized)

VM Mutex/Monitor currently owned by a thread:  ([mutex/lock_event])
[0x00007fffe9c5ce68] Heap_lock - owner thread: 0x0000019e48025fb0

Heap address: 0x0000000705200000, size: 4014 MB, Compressed Oops mode: Zero based, Oop shift amount: 3

CDS archive(s) mapped at: [0x0000000000000000-0x0000000000000000-0x0000000000000000), size 0, SharedBaseAddress: 0x0000000800000000, ArchiveRelocationMode: 1.
Narrow klass base: 0x0000000000000000, Narrow klass shift: 0, Narrow klass range: 0x0

GC Precious Log:
 CardTable entry size: 512
 Card Set container configuration: InlinePtr #cards 4 size 8 Array Of Cards #cards 16 size 48 Howl #buckets 8 coarsen threshold 3686 Howl Bitmap #cards 512 size 80 coarsen threshold 460 Card regions per heap region 1 cards per card region 4096

Heap:
 garbage-first heap   total 0K, used 0K [0x0000000705200000, 0x0000000800000000)
  region size 2048K, 0 young (0K), 0 survivors (0K)

[error occurred during error reporting (printing heap information), id 0xc0000005, EXCEPTION_ACCESS_VIOLATION (0xc0000005) at pc=0x00007fffe97439f9]
GC Heap History (0 events):
No events

Dll operation events (1 events):
Event: 0.004 Loaded shared library C:\Program Files\Java\jdk-21\bin\java.dll

Deoptimization events (0 events):
No events

Classes loaded (0 events):
No events

Classes unloaded (0 events):
No events

Classes redefined (0 events):
No events

Internal exceptions (0 events):
No events

ZGC Phase Switch (0 events):
No events

VM Operations (0 events):
No events

Events (0 events):
No events


Dynamic libraries:
0x00007ff732a30000 - 0x00007ff732a40000 	C:\Program Files\Java\jdk-21\bin\java.exe
0x00007ff83cef0000 - 0x00007ff83d106000 	C:\windows\SYSTEM32\ntdll.dll
0x00007ff83aef0000 - 0x00007ff83afb4000 	C:\windows\System32\KERNEL32.DLL
0x00007ff83a230000 - 0x00007ff83a5d6000 	C:\windows\System32\KERNELBASE.dll
0x00007ff83a890000 - 0x00007ff83a9a1000 	C:\windows\System32\ucrtbase.dll
0x00007ff8162f0000 - 0x00007ff816309000 	C:\Program Files\Java\jdk-21\bin\jli.dll
0x00007ff8303d0000 - 0x00007ff8303eb000 	C:\Program Files\Java\jdk-21\bin\VCRUNTIME140.dll
0x00007ff83c2b0000 - 0x00007ff83c362000 	C:\windows\System32\ADVAPI32.dll
0x00007ff83b830000 - 0x00007ff83b8d7000 	C:\windows\System32\msvcrt.dll
0x00007ff83c4d0000 - 0x00007ff83c578000 	C:\windows\System32\sechost.dll
0x00007ff83a860000 - 0x00007ff83a888000 	C:\windows\System32\bcrypt.dll
0x00007ff83be60000 - 0x00007ff83bf75000 	C:\windows\System32\RPCRT4.dll
0x00007ff83ac40000 - 0x00007ff83aded000 	C:\windows\System32\USER32.dll
0x00007ff83a9b0000 - 0x00007ff83a9d6000 	C:\windows\System32\win32u.dll
0x00007ff83be30000 - 0x00007ff83be59000 	C:\windows\System32\GDI32.dll
0x00007ff83aaa0000 - 0x00007ff83abb8000 	C:\windows\System32\gdi32full.dll
0x00007ff8174c0000 - 0x00007ff817753000 	C:\windows\WinSxS\amd64_microsoft.windows.common-controls_6595b64144ccf1df_6.0.22621.3235_none_270f74e173860f98\COMCTL32.dll
0x00007ff83a7c0000 - 0x00007ff83a85a000 	C:\windows\System32\msvcp_win.dll
0x00007ff82e500000 - 0x00007ff82e50a000 	C:\windows\SYSTEM32\VERSION.dll
0x00007ff83c590000 - 0x00007ff83c5c1000 	C:\windows\System32\IMM32.DLL
0x00007ff8304b0000 - 0x00007ff8304bc000 	C:\Program Files\Java\jdk-21\bin\vcruntime140_1.dll
0x00007ff828c90000 - 0x00007ff828d1e000 	C:\Program Files\Java\jdk-21\bin\msvcp140.dll
0x00007fffe9020000 - 0x00007fffe9d37000 	C:\Program Files\Java\jdk-21\bin\server\jvm.dll
0x00007ff83bf80000 - 0x00007ff83bff1000 	C:\windows\System32\WS2_32.dll
0x00007ff8303f0000 - 0x00007ff830424000 	C:\windows\SYSTEM32\WINMM.dll
0x00007ff8390c0000 - 0x00007ff83910d000 	C:\windows\SYSTEM32\POWRPROF.dll
0x00007ff8390a0000 - 0x00007ff8390b3000 	C:\windows\SYSTEM32\UMPDC.dll
0x00007ff839360000 - 0x00007ff839378000 	C:\windows\SYSTEM32\kernel.appcore.dll
0x00007ff8303c0000 - 0x00007ff8303ca000 	C:\Program Files\Java\jdk-21\bin\jimage.dll
0x00007ff837b70000 - 0x00007ff837da3000 	C:\windows\SYSTEM32\DBGHELP.DLL
0x00007ff83baa0000 - 0x00007ff83be28000 	C:\windows\System32\combase.dll
0x00007ff83c390000 - 0x00007ff83c467000 	C:\windows\System32\OLEAUT32.dll
0x00007ff82e4c0000 - 0x00007ff82e4f2000 	C:\windows\SYSTEM32\dbgcore.DLL
0x00007ff83abc0000 - 0x00007ff83ac3a000 	C:\windows\System32\bcryptPrimitives.dll
0x00007ff82d900000 - 0x00007ff82d91f000 	C:\Program Files\Java\jdk-21\bin\java.dll

dbghelp: loaded successfully - version: 4.0.5 - missing functions: none
symbol engine: initialized successfully - sym options: 0x614 - pdb path: .;C:\Program Files\Java\jdk-21\bin;C:\windows\SYSTEM32;C:\windows\WinSxS\amd64_microsoft.windows.common-controls_6595b64144ccf1df_6.0.22621.3235_none_270f74e173860f98;C:\Program Files\Java\jdk-21\bin\server

VM Arguments:
jvm_args: -Dfile.encoding=UTF-8 --module-path=D:\.SEMANGAT KULIAH\.SEMESTER 4\Prak. PBO\123220120_Kuis\build\classes 
java_command: pkg123220120_kuis.Main
java_class_path (initial): D:\.SEMANGAT KULIAH\.SEMESTER 4\Prak. PBO\123220120_Kuis\build\classes
Launcher Type: SUN_STANDARD

[Global flags]
     intx CICompilerCount                          = 12                                        {product} {ergonomic}
     uint ConcGCThreads                            = 3                                         {product} {ergonomic}
     uint G1ConcRefinementThreads                  = 13                                        {product} {ergonomic}
   size_t G1HeapRegionSize                         = 2097152                                   {product} {ergonomic}
    uintx GCDrainStackTargetSize                   = 64                                        {product} {ergonomic}
   size_t InitialHeapSize                          = 264241152                                 {product} {ergonomic}
   size_t MarkStackSize                            = 4194304                                   {product} {ergonomic}
   size_t MaxHeapSize                              = 4208984064                                {product} {ergonomic}
   size_t MinHeapDeltaBytes                        = 2097152                                   {product} {ergonomic}
   size_t MinHeapSize                              = 8388608                                   {product} {ergonomic}
    uintx NonNMethodCodeHeapSize                   = 7602480                                {pd product} {ergonomic}
    uintx NonProfiledCodeHeapSize                  = 122027880                              {pd product} {ergonomic}
    uintx ProfiledCodeHeapSize                     = 122027880                              {pd product} {ergonomic}
    uintx ReservedCodeCacheSize                    = 251658240                              {pd product} {ergonomic}
     bool SegmentedCodeCache                       = true                                      {product} {ergonomic}
   size_t SoftMaxHeapSize                          = 4208984064                             {manageable} {ergonomic}
     bool UseCompressedOops                        = true                           {product lp64_product} {ergonomic}
     bool UseG1GC                                  = true                                      {product} {ergonomic}
     bool UseLargePagesIndividualAllocation        = false                                  {pd product} {ergonomic}

Logging:
Log output configuration:
 #0: stdout all=warning uptime,level,tags foldmultilines=false
 #1: stderr all=off uptime,level,tags foldmultilines=false

Environment Variables:
PATH=C:\Program Files\Common Files\Oracle\Java\javapath;C:\Program Files (x86)\Common Files\Oracle\Java\javapath;C:\windows\system32;C:\windows;C:\windows\System32\Wbem;C:\windows\System32\WindowsPowerShell\v1.0\;C:\windows\System32\OpenSSH\;C:\Program Files (x86)\NVIDIA Corporation\PhysX\Common;C:\Program Files\NVIDIA Corporation\NVIDIA NvDLISR;C:\TDM-GCC-64\bin;C:\MinGW\bin;C:\Users\HP\AppData\Local\Microsoft\WindowsApps;C:\Users\HP\AppData\Local\Programs\Microsoft VS Code\bin;C:\MinGW\bin;;C:\Users\HP\AppData\Local\spicetify
USERNAME=HP
OS=Windows_NT
PROCESSOR_IDENTIFIER=Intel64 Family 6 Model 154 Stepping 3, GenuineIntel
TMP=C:\Users\HP\AppData\Local\Temp
TEMP=C:\Users\HP\AppData\Local\Temp




Periodic native trim disabled

---------------  S Y S T E M  ---------------

OS:
 Windows 11 , 64 bit Build 22621 (10.0.22621.3235)
OS uptime: 0 days 2:01 hours

CPU: total 16 (initial active 16) (8 cores per cpu, 2 threads per core) family 6 model 154 stepping 3 microcode 0x42c, cx8, cmov, fxsr, ht, mmx, 3dnowpref, sse, sse2, sse3, ssse3, sse4.1, sse4.2, popcnt, lzcnt, tsc, tscinvbit, avx, avx2, aes, erms, clmul, bmi1, bmi2, adx, sha, fma, vzeroupper, clflush, clflushopt, clwb, serialize, rdtscp, rdpid, fsrm, f16c, pku, cet_ibt, cet_ss
Processor Information for processor 0
  Max Mhz: 2500, Current Mhz: 2500, Mhz Limit: 2500
Processor Information for processor 1
  Max Mhz: 2500, Current Mhz: 1532, Mhz Limit: 2500
Processor Information for processor 2
  Max Mhz: 2500, Current Mhz: 2500, Mhz Limit: 2500
Processor Information for processor 3
  Max Mhz: 2500, Current Mhz: 2500, Mhz Limit: 2500
Processor Information for processor 4
  Max Mhz: 2500, Current Mhz: 2500, Mhz Limit: 2500
Processor Information for processor 5
  Max Mhz: 2500, Current Mhz: 2500, Mhz Limit: 2500
Processor Information for processor 6
  Max Mhz: 2500, Current Mhz: 2500, Mhz Limit: 2500
Processor Information for processor 7
  Max Mhz: 2500, Current Mhz: 1532, Mhz Limit: 2500
Processor Information for processor 8
  Max Mhz: 2500, Current Mhz: 1500, Mhz Limit: 1800
Processor Information for processor 9
  Max Mhz: 2500, Current Mhz: 1500, Mhz Limit: 1800
Processor Information for processor 10
  Max Mhz: 2500, Current Mhz: 1500, Mhz Limit: 1800
Processor Information for processor 11
  Max Mhz: 2500, Current Mhz: 1800, Mhz Limit: 1800
Processor Information for processor 12
  Max Mhz: 2500, Current Mhz: 1800, Mhz Limit: 1800
Processor Information for processor 13
  Max Mhz: 2500, Current Mhz: 1800, Mhz Limit: 1800
Processor Information for processor 14
  Max Mhz: 2500, Current Mhz: 1800, Mhz Limit: 1800
Processor Information for processor 15
  Max Mhz: 2500, Current Mhz: 1500, Mhz Limit: 1800

Memory: 4k page, system-wide physical 16051M (6984M free)
TotalPageFile size 35736M (AvailPageFile size 137M)
current process WorkingSet (physical memory assigned to process): 11M, peak: 11M
current process commit charge ("private bytes"): 70M, peak: 322M

vm_info: Java HotSpot(TM) 64-Bit Server VM (21.0.2+13-LTS-58) for windows-amd64 JRE (21.0.2+13-LTS-58), built on 2024-01-05T18:32:24Z by "mach5one" with MS VC++ 17.1 (VS2022)

END.
